0 info it worked if it ends with ok
1 verbose cli [ '/usr/local/bin/node',
1 verbose cli   '/usr/local/bin/npm',
1 verbose cli   'run-script',
1 verbose cli   'docker-run' ]
2 info using npm@3.8.9
3 info using node@v5.6.0
4 verbose run-script [ 'predocker-run', 'docker-run', 'postdocker-run' ]
5 info lifecycle content-aggregator@~predocker-run: content-aggregator@
6 silly lifecycle content-aggregator@~predocker-run: no script for predocker-run, continuing
7 info lifecycle content-aggregator@~docker-run: content-aggregator@
8 verbose lifecycle content-aggregator@~docker-run: unsafe-perm in lifecycle true
9 verbose lifecycle content-aggregator@~docker-run: PATH: /usr/local/lib/node_modules/npm/bin/node-gyp-bin:/Users/jramos/repo/meteor-aggregate-app/node_modules/.bin:/usr/local/bin:/usr/local/bin:/usr/bin:/bin:/usr/sbin:/sbin
10 verbose lifecycle content-aggregator@~docker-run: CWD: /Users/jramos/repo/meteor-aggregate-app
11 silly lifecycle content-aggregator@~docker-run: Args: [ '-c',
11 silly lifecycle   'docker run -d \n -e ROOT_URL=http://localhost/ \n -e MONGO_URL=mongodb://127.0.0.1 \n -e MONGO_OPLOG_URL=mongodb://127.0.0.1/local \n -p 8080:80 \n rapd/united-outside' ]
12 info lifecycle content-aggregator@~docker-run: Failed to exec docker-run script
13 verbose stack Error: content-aggregator@ docker-run: `docker run -d
13 verbose stack  -e ROOT_URL=http://localhost/
13 verbose stack  -e MONGO_URL=mongodb://127.0.0.1
13 verbose stack  -e MONGO_OPLOG_URL=mongodb://127.0.0.1/local
13 verbose stack  -p 8080:80
13 verbose stack  rapd/united-outside`
13 verbose stack spawn ENOENT
13 verbose stack     at ChildProcess.<anonymous> (/usr/local/lib/node_modules/npm/lib/utils/spawn.js:17:16)
13 verbose stack     at emitTwo (events.js:100:13)
13 verbose stack     at ChildProcess.emit (events.js:185:7)
13 verbose stack     at maybeClose (internal/child_process.js:827:16)
13 verbose stack     at Process.ChildProcess._handle.onexit (internal/child_process.js:211:5)
14 verbose pkgid content-aggregator@
15 verbose cwd /Users/jramos/repo/meteor-aggregate-app
16 error Darwin 14.5.0
17 error argv "/usr/local/bin/node" "/usr/local/bin/npm" "run-script" "docker-run"
18 error node v5.6.0
19 error npm  v3.8.9
20 error file sh
21 error code ELIFECYCLE
22 error errno ENOENT
23 error syscall spawn
24 error content-aggregator@ docker-run: `docker run -d
24 error  -e ROOT_URL=http://localhost/
24 error  -e MONGO_URL=mongodb://127.0.0.1
24 error  -e MONGO_OPLOG_URL=mongodb://127.0.0.1/local
24 error  -p 8080:80
24 error  rapd/united-outside`
24 error spawn ENOENT
25 error Failed at the content-aggregator@ docker-run script 'docker run -d
25 error  -e ROOT_URL=http://localhost/
25 error  -e MONGO_URL=mongodb://127.0.0.1
25 error  -e MONGO_OPLOG_URL=mongodb://127.0.0.1/local
25 error  -p 8080:80
25 error  rapd/united-outside'.
25 error Make sure you have the latest version of node.js and npm installed.
25 error If you do, this is most likely a problem with the content-aggregator package,
25 error not with npm itself.
25 error Tell the author that this fails on your system:
25 error     docker run -d
25 error  -e ROOT_URL=http://localhost/
25 error  -e MONGO_URL=mongodb://127.0.0.1
25 error  -e MONGO_OPLOG_URL=mongodb://127.0.0.1/local
25 error  -p 8080:80
25 error  rapd/united-outside
25 error You can get information on how to open an issue for this project with:
25 error     npm bugs content-aggregator
25 error Or if that isn't available, you can get their info via:
25 error     npm owner ls content-aggregator
25 error There is likely additional logging output above.
26 verbose exit [ 1, true ]
